  game.cpp
C:\projects\Snake\Snake\game.cpp(19,40): warning C4244: 'argument': conversion from 'int' to 'T', possible loss of data
          with
          [
              T=float
          ]
C:\projects\Snake\Snake\game.cpp(19,35): warning C4244: 'argument': conversion from 'int' to 'T', possible loss of data
          with
          [
              T=float
          ]
C:\projects\Snake\Snake\game.cpp(46,12): warning C4244: 'argument': conversion from 'time_t' to 'unsigned int', possible loss of data
C:\projects\Snake\Snake\game.cpp(60,5): warning C4305: 'argument': truncation from 'double' to 'float'
C:\projects\Snake\Snake\game.cpp(75,65): warning C4244: 'argument': conversion from 'int' to 'T', possible loss of data
          with
          [
              T=float
          ]
C:\projects\Snake\Snake\game.cpp(75,45): warning C4244: 'argument': conversion from 'int' to 'T', possible loss of data
          with
          [
              T=float
          ]
C:\projects\Snake\Snake\game.cpp(125,62): warning C4244: 'argument': conversion from 'int' to 'T', possible loss of data
          with
          [
              T=float
          ]
C:\projects\Snake\Snake\game.cpp(125,43): warning C4244: 'argument': conversion from 'int' to 'T', possible loss of data
          with
          [
              T=float
          ]
  Generating code
  3 of 183 functions ( 1.6%) were compiled, the rest were copied from previous compilation.
    0 functions were new in current compilation
    1 functions had inline decision re-evaluated but remain unchanged
  Finished generating code
  Snake.vcxproj -> C:\projects\Snake\x64\Release\Snake.exe
